<?xml version="1.0" encoding="UTF-8"?>
<!-- Generated by org.testng.reporters.JUnitReportReporter -->
<testsuite hostname="Arun" failures="0" tests="1" name="TestPrac.day1" time="0.022" errors="0" timestamp="2024-09-10T19:57:55 IST" skipped="0">
  <testcase classname="TestPrac.day1" name="carLoanApi" time="0.022"/>
  <system-out/>
</testsuite> <!-- TestPrac.day1 -->
